<?xml version="1.0" encoding="UTF-8"?>
<!-- Generated by org.testng.reporters.JUnitReportReporter -->
<testsuite hostname="Ramkumar-PC" name="ecafe_TestCases.ECafe_LoginTests" tests="1" failures="0" timestamp="14 Jul 2016 12:25:45 GMT" time="3.078" errors="0">
  <testcase name="Dasboard" time="3.078" classname="ecafe_TestCases.ECafe_LoginTests"/>
</testsuite> <!-- ecafe_TestCases.ECafe_LoginTests -->
